########### array before sorts ###########
0	0.127000	0.095250	124.257000	0.095250	n
1	124.257000	0.095250	124.257000	45.365250	n
2	0.127000	45.365250	0.127000	0.095250	n
3	124.257000	45.365250	0.127000	45.365250	n
Tolerance=0.050000.
*Exact match for i=0 and j=1.
*i point 0.127000	0.095250	124.257000	0.095250	y
*Exact match for i=1 and j=3.
*i point 124.257000	0.095250	124.257000	45.365250	y
*Exact match for i=2 and j=3.
*i point 124.257000	45.365250	0.127000	45.365250	y
########### array after sorts ###########
0	0.127000	0.095250	124.257000	0.095250	y
1	124.257000	0.095250	124.257000	45.365250	y
2	124.257000	45.365250	0.127000	45.365250	y
3	0.127000	45.365250	0.127000	0.095250	y
***************
.BOARD_OUTLINE UNOWNED
1.6
0     0.127000     0.095250     0
0     124.257000     0.095250     0
0     124.257000     45.365250     0
0     0.127000     45.365250     0
0     0.127000     0.095250     0
